<?xml version="1.0" encoding="UTF-8"?>
<!-- Generated by org.testng.reporters.JUnitReportReporter -->
<testsuite hostname="DESKTOP-3D0SQ83" name="Register.Register.Register" tests="1" failures="0" timestamp="4 Nov 2019 08:57:14 GMT" time="12.416" errors="0">
  <testcase name="putdata" time="12.416" classname="Register.Register.Register"/>
</testsuite> <!-- Register.Register.Register -->
